<?xml version="1.0" encoding="UTF-8"?>
<!-- Generated by org.testng.reporters.JUnitReportReporter -->
<testsuite skipped="0" hostname="38f9d362894e.ant.amazon.com" name="FrameworkBuild.HomePage" tests="2" failures="0" timestamp="2021-09-03T18:16:08 PDT" time="15.204" errors="0">
  <testcase name="basePageNavigation" time="11.406" classname="FrameworkBuild.HomePage"/>
  <system-out/>
  <testcase name="basePageNavigation" time="3.798" classname="FrameworkBuild.HomePage"/>
  <system-out/>
</testsuite> <!-- FrameworkBuild.HomePage -->
