<?xml version="1.0" encoding="UTF-8"?>
<!-- Generated by org.testng.reporters.JUnitReportReporter -->
<testsuite skipped="0" hostname="38f9d362894e.ant.amazon.com" name="FrameworkBuild.ValidatePracticeLandingPage" tests="1" failures="0" timestamp="2021-09-03T18:16:08 PDT" time="21.216" errors="0">
  <testcase name="validatePractice" time="21.216" classname="FrameworkBuild.ValidatePracticeLandingPage"/>
  <system-out/>
</testsuite> <!-- FrameworkBuild.ValidatePracticeLandingPage -->
